# JRE version: OpenJDK Runtime Environment (11.0.12+7) (build 11.0.12+7-b1504.28-7817840)
# Java VM: OpenJDK 64-Bit Server VM (11.0.12+7-b1504.28-7817840, mixed mode, tiered, compressed oops, g1 gc, windows-amd64)
Heap:
 garbage-first heap   total 896000K, used 284021K [0x0000000080000000, 0x0000000100000000)
  region size 1024K, 4 young (4096K), 4 survivors (4096K)
 Metaspace       used 114411K, capacity 117559K, committed 117888K, reserved 1150976K
  class space    used 14785K, capacity 15909K, committed 16000K, reserved 1048576K
GC Heap History (20 events):
Event: 33.116 GC heap after
{Heap after GC invocations=55 (full 0):
 garbage-first heap   total 224256K, used 188253K [0x0000000080000000, 0x0000000100000000)
  region size 1024K, 2 young (2048K), 2 survivors (2048K)
 Metaspace       used 111910K, capacity 114992K, committed 115072K, reserved 1148928K
  class space    used 14313K, capacity 15418K, committed 15488K, reserved 1048576K
}
Event: 33.127 GC heap before
{Heap before GC invocations=55 (full 0):
 garbage-first heap   total 229376K, used 228189K [0x0000000080000000, 0x0000000100000000)
  region size 1024K, 10 young (10240K), 2 survivors (2048K)
 Metaspace       used 111912K, capacity 114992K, committed 115072K, reserved 1148928K
  class space    used 14313K, capacity 15418K, committed 15488K, reserved 1048576K
}
Event: 33.130 GC heap after
{Heap after GC invocations=56 (full 0):
 garbage-first heap   total 234496K, used 203062K [0x0000000080000000, 0x0000000100000000)
  region size 1024K, 2 young (2048K), 2 survivors (2048K)
 Metaspace       used 111912K, capacity 114992K, committed 115072K, reserved 1148928K
  class space    used 14313K, capacity 15418K, committed 15488K, reserved 1048576K
}
Event: 33.252 GC heap before
{Heap before GC invocations=56 (full 0):
 garbage-first heap   total 234496K, used 213302K [0x0000000080000000, 0x0000000100000000)
  region size 1024K, 11 young (11264K), 2 survivors (2048K)
 Metaspace       used 112131K, capacity 115224K, committed 115328K, reserved 1148928K
  class space    used 14335K, capacity 15452K, committed 15488K, reserved 1048576K
}
Event: 33.259 GC heap after
{Heap after GC invocations=57 (full 0):
 garbage-first heap   total 234496K, used 207517K [0x0000000080000000, 0x0000000100000000)
  region size 1024K, 2 young (2048K), 2 survivors (2048K)
 Metaspace       used 112131K, capacity 115224K, committed 115328K, reserved 1148928K
  class space    used 14335K, capacity 15452K, committed 15488K, reserved 1048576K
}
Event: 33.354 GC heap before
{Heap before GC invocations=57 (full 0):
 garbage-first heap   total 234496K, used 216733K [0x0000000080000000, 0x0000000100000000)
  region size 1024K, 11 young (11264K), 2 survivors (2048K)
 Metaspace       used 112131K, capacity 115224K, committed 115328K, reserved 1148928K
  class space    used 14335K, capacity 15452K, committed 15488K, reserved 1048576K
}
Event: 33.363 GC heap after
{Heap after GC invocations=58 (full 0):
 garbage-first heap   total 234496K, used 211563K [0x0000000080000000, 0x0000000100000000)
  region size 1024K, 2 young (2048K), 2 survivors (2048K)
 Metaspace       used 112131K, capacity 115224K, committed 115328K, reserved 1148928K
  class space    used 14335K, capacity 15452K, committed 15488K, reserved 1048576K
}
Event: 33.409 GC heap before
{Heap before GC invocations=59 (full 0):
 garbage-first heap   total 234496K, used 219755K [0x0000000080000000, 0x0000000100000000)
  region size 1024K, 11 young (11264K), 2 survivors (2048K)
 Metaspace       used 112131K, capacity 115224K, committed 115328K, reserved 1148928K
  class space    used 14335K, capacity 15452K, committed 15488K, reserved 1048576K
}
Event: 33.421 GC heap after
{Heap after GC invocations=60 (full 0):
 garbage-first heap   total 234496K, used 215890K [0x0000000080000000, 0x0000000100000000)
  region size 1024K, 2 young (2048K), 2 survivors (2048K)
 Metaspace       used 112131K, capacity 115224K, committed 115328K, reserved 1148928K
  class space    used 14335K, capacity 15452K, committed 15488K, reserved 1048576K
}
Event: 33.472 GC heap before
{Heap before GC invocations=60 (full 0):
 garbage-first heap   total 234496K, used 223058K [0x0000000080000000, 0x0000000100000000)
  region size 1024K, 10 young (10240K), 2 survivors (2048K)
 Metaspace       used 112131K, capacity 115224K, committed 115328K, reserved 1148928K
  class space    used 14335K, capacity 15452K, committed 15488K, reserved 1048576K
}
Event: 33.482 GC heap after
{Heap after GC invocations=61 (full 0):
 garbage-first heap   total 234496K, used 219136K [0x0000000080000000, 0x0000000100000000)
  region size 1024K, 2 young (2048K), 2 survivors (2048K)
 Metaspace       used 112131K, capacity 115224K, committed 115328K, reserved 1148928K
  class space    used 14335K, capacity 15452K, committed 15488K, reserved 1048576K
}
Event: 33.565 GC heap before
{Heap before GC invocations=61 (full 0):
 garbage-first heap   total 234496K, used 229376K [0x0000000080000000, 0x0000000100000000)
  region size 1024K, 11 young (11264K), 2 survivors (2048K)
 Metaspace       used 112131K, capacity 115224K, committed 115328K, reserved 1148928K
  class space    used 14335K, capacity 15452K, committed 15488K, reserved 1048576K
}
Event: 33.580 GC heap after
{Heap after GC invocations=62 (full 0):
 garbage-first heap   total 362496K, used 224813K [0x0000000080000000, 0x0000000100000000)
  region size 1024K, 2 young (2048K), 2 survivors (2048K)
 Metaspace       used 112131K, capacity 115224K, committed 115328K, reserved 1148928K
  class space    used 14335K, capacity 15452K, committed 15488K, reserved 1048576K
}
Event: 33.804 GC heap before
{Heap before GC invocations=63 (full 0):
 garbage-first heap   total 362496K, used 254509K [0x0000000080000000, 0x0000000100000000)
  region size 1024K, 32 young (32768K), 2 survivors (2048K)
 Metaspace       used 112131K, capacity 115224K, committed 115328K, reserved 1148928K
  class space    used 14335K, capacity 15452K, committed 15488K, reserved 1048576K
}
Event: 33.831 GC heap after
{Heap after GC invocations=64 (full 0):
 garbage-first heap   total 362496K, used 236146K [0x0000000080000000, 0x0000000100000000)
  region size 1024K, 6 young (6144K), 6 survivors (6144K)
 Metaspace       used 112131K, capacity 115224K, committed 115328K, reserved 1148928K
  class space    used 14335K, capacity 15452K, committed 15488K, reserved 1048576K
}
Event: 34.623 GC heap before
{Heap before GC invocations=65 (full 0):
 garbage-first heap   total 362496K, used 275058K [0x0000000080000000, 0x0000000100000000)
  region size 1024K, 41 young (41984K), 6 survivors (6144K)
 Metaspace       used 114281K, capacity 117479K, committed 117632K, reserved 1150976K
  class space    used 14785K, capacity 15909K, committed 16000K, reserved 1048576K
}
Event: 34.664 GC heap after
{Heap after GC invocations=66 (full 0):
 garbage-first heap   total 362496K, used 255261K [0x0000000080000000, 0x0000000100000000)
  region size 1024K, 6 young (6144K), 6 survivors (6144K)
 Metaspace       used 114281K, capacity 117479K, committed 117632K, reserved 1150976K
  class space    used 14785K, capacity 15909K, committed 16000K, reserved 1048576K
}
Event: 34.808 GC heap before
{Heap before GC invocations=66 (full 0):
 garbage-first heap   total 362496K, used 285981K [0x0000000080000000, 0x0000000100000000)
  region size 1024K, 36 young (36864K), 6 survivors (6144K)
 Metaspace       used 114405K, capacity 117557K, committed 117888K, reserved 1150976K
  class space    used 14785K, capacity 15909K, committed 16000K, reserved 1048576K
}
Event: 34.842 GC heap after
{Heap after GC invocations=67 (full 0):
 garbage-first heap   total 362496K, used 271360K [0x0000000080000000, 0x0000000100000000)
  region size 1024K, 5 young (5120K), 5 survivors (5120K)
 Metaspace       used 114405K, capacity 117557K, committed 117888K, reserved 1150976K
  class space    used 14785K, capacity 15909K, committed 16000K, reserved 1048576K
}
Event: 35.139 GC heap before
{Heap before GC invocations=67 (full 0):
 garbage-first heap   total 362496K, used 294912K [0x0000000080000000, 0x0000000100000000)
  region size 1024K, 28 young (28672K), 5 survivors (5120K)
 Metaspace       used 114411K, capacity 117559K, committed 117888K, reserved 1150976K
  class space    used 14785K, capacity 15909K, committed 16000K, reserved 1048576K
}

