# JRE version: OpenJDK Runtime Environment (11.0.12+7) (build 11.0.12+7-b1504.28-7817840)
# Java VM: OpenJDK 64-Bit Server VM (11.0.12+7-b1504.28-7817840, mixed mode, tiered, compressed oops, g1 gc, windows-amd64)
Heap:
 garbage-first heap   total 777216K, used 321536K [0x0000000080000000, 0x0000000100000000)
  region size 1024K, 6 young (6144K), 6 survivors (6144K)
 Metaspace       used 96503K, capacity 99019K, committed 99116K, reserved 1134592K
  class space    used 12673K, capacity 13606K, committed 13696K, reserved 1048576K
GC Heap History (20 events):
Event: 17.690 GC heap after
{Heap after GC invocations=29 (full 0):
 garbage-first heap   total 251904K, used 172161K [0x0000000080000000, 0x0000000100000000)
  region size 1024K, 4 young (4096K), 4 survivors (4096K)
 Metaspace       used 91745K, capacity 94020K, committed 94508K, reserved 1130496K
  class space    used 11918K, capacity 12764K, committed 12928K, reserved 1048576K
}
Event: 17.900 GC heap before
{Heap before GC invocations=29 (full 0):
 garbage-first heap   total 251904K, used 187521K [0x0000000080000000, 0x0000000100000000)
  region size 1024K, 20 young (20480K), 4 survivors (4096K)
 Metaspace       used 91745K, capacity 94020K, committed 94508K, reserved 1130496K
  class space    used 11918K, capacity 12764K, committed 12928K, reserved 1048576K
}
Event: 17.936 GC heap after
{Heap after GC invocations=30 (full 0):
 garbage-first heap   total 251904K, used 179200K [0x0000000080000000, 0x0000000100000000)
  region size 1024K, 4 young (4096K), 4 survivors (4096K)
 Metaspace       used 91745K, capacity 94020K, committed 94508K, reserved 1130496K
  class space    used 11918K, capacity 12764K, committed 12928K, reserved 1048576K
}
Event: 18.226 GC heap before
{Heap before GC invocations=30 (full 0):
 garbage-first heap   total 251904K, used 202752K [0x0000000080000000, 0x0000000100000000)
  region size 1024K, 24 young (24576K), 4 survivors (4096K)
 Metaspace       used 91800K, capacity 94119K, committed 94892K, reserved 1130496K
  class space    used 11925K, capacity 12797K, committed 13056K, reserved 1048576K
}
Event: 18.277 GC heap after
{Heap after GC invocations=31 (full 0):
 garbage-first heap   total 304128K, used 192944K [0x0000000080000000, 0x0000000100000000)
  region size 1024K, 3 young (3072K), 3 survivors (3072K)
 Metaspace       used 91800K, capacity 94119K, committed 94892K, reserved 1130496K
  class space    used 11925K, capacity 12797K, committed 13056K, reserved 1048576K
}
Event: 18.914 GC heap before
{Heap before GC invocations=32 (full 0):
 garbage-first heap   total 304128K, used 220592K [0x0000000080000000, 0x0000000100000000)
  region size 1024K, 31 young (31744K), 3 survivors (3072K)
 Metaspace       used 93993K, capacity 96446K, committed 96812K, reserved 1132544K
  class space    used 12376K, capacity 13260K, committed 13440K, reserved 1048576K
}
Event: 18.951 GC heap after
{Heap after GC invocations=33 (full 0):
 garbage-first heap   total 304128K, used 205654K [0x0000000080000000, 0x0000000100000000)
  region size 1024K, 4 young (4096K), 4 survivors (4096K)
 Metaspace       used 93993K, capacity 96446K, committed 96812K, reserved 1132544K
  class space    used 12376K, capacity 13260K, committed 13440K, reserved 1048576K
}
Event: 19.103 GC heap before
{Heap before GC invocations=33 (full 0):
 garbage-first heap   total 304128K, used 233302K [0x0000000080000000, 0x0000000100000000)
  region size 1024K, 32 young (32768K), 4 survivors (4096K)
 Metaspace       used 94129K, capacity 96528K, committed 97068K, reserved 1132544K
  class space    used 12376K, capacity 13260K, committed 13440K, reserved 1048576K
}
Event: 19.139 GC heap after
{Heap after GC invocations=34 (full 0):
 garbage-first heap   total 304128K, used 221178K [0x0000000080000000, 0x0000000100000000)
  region size 1024K, 4 young (4096K), 4 survivors (4096K)
 Metaspace       used 94129K, capacity 96528K, committed 97068K, reserved 1132544K
  class space    used 12376K, capacity 13260K, committed 13440K, reserved 1048576K
}
Event: 19.291 GC heap before
{Heap before GC invocations=34 (full 0):
 garbage-first heap   total 304128K, used 243706K [0x0000000080000000, 0x0000000100000000)
  region size 1024K, 26 young (26624K), 4 survivors (4096K)
 Metaspace       used 94134K, capacity 96528K, committed 97068K, reserved 1132544K
  class space    used 12376K, capacity 13260K, committed 13440K, reserved 1048576K
}
Event: 19.312 GC heap after
{Heap after GC invocations=35 (full 0):
 garbage-first heap   total 304128K, used 233801K [0x0000000080000000, 0x0000000100000000)
  region size 1024K, 4 young (4096K), 4 survivors (4096K)
 Metaspace       used 94134K, capacity 96528K, committed 97068K, reserved 1132544K
  class space    used 12376K, capacity 13260K, committed 13440K, reserved 1048576K
}
Event: 19.519 GC heap before
{Heap before GC invocations=35 (full 0):
 garbage-first heap   total 304128K, used 248137K [0x0000000080000000, 0x0000000100000000)
  region size 1024K, 21 young (21504K), 4 survivors (4096K)
 Metaspace       used 94135K, capacity 96528K, committed 97068K, reserved 1132544K
  class space    used 12376K, capacity 13260K, committed 13440K, reserved 1048576K
}
Event: 19.548 GC heap after
{Heap after GC invocations=36 (full 0):
 garbage-first heap   total 446464K, used 241223K [0x0000000080000000, 0x0000000100000000)
  region size 1024K, 3 young (3072K), 3 survivors (3072K)
 Metaspace       used 94135K, capacity 96528K, committed 97068K, reserved 1132544K
  class space    used 12376K, capacity 13260K, committed 13440K, reserved 1048576K
}
Event: 19.974 GC heap before
{Heap before GC invocations=37 (full 0):
 garbage-first heap   total 446464K, used 301639K [0x0000000080000000, 0x0000000100000000)
  region size 1024K, 62 young (63488K), 3 survivors (3072K)
 Metaspace       used 94143K, capacity 96528K, committed 97068K, reserved 1132544K
  class space    used 12376K, capacity 13260K, committed 13440K, reserved 1048576K
}
Event: 20.025 GC heap after
{Heap after GC invocations=38 (full 0):
 garbage-first heap   total 446464K, used 272115K [0x0000000080000000, 0x0000000100000000)
  region size 1024K, 8 young (8192K), 8 survivors (8192K)
 Metaspace       used 94143K, capacity 96528K, committed 97068K, reserved 1132544K
  class space    used 12376K, capacity 13260K, committed 13440K, reserved 1048576K
}
Event: 20.385 GC heap before
{Heap before GC invocations=38 (full 0):
 garbage-first heap   total 446464K, used 323315K [0x0000000080000000, 0x0000000100000000)
  region size 1024K, 59 young (60416K), 8 survivors (8192K)
 Metaspace       used 94144K, capacity 96528K, committed 97068K, reserved 1132544K
  class space    used 12376K, capacity 13260K, committed 13440K, reserved 1048576K
}
Event: 20.441 GC heap after
{Heap after GC invocations=39 (full 0):
 garbage-first heap   total 446464K, used 300544K [0x0000000080000000, 0x0000000100000000)
  region size 1024K, 8 young (8192K), 8 survivors (8192K)
 Metaspace       used 94144K, capacity 96528K, committed 97068K, reserved 1132544K
  class space    used 12376K, capacity 13260K, committed 13440K, reserved 1048576K
}
Event: 21.406 GC heap before
{Heap before GC invocations=39 (full 0):
 garbage-first heap   total 446464K, used 341504K [0x0000000080000000, 0x0000000100000000)
  region size 1024K, 49 young (50176K), 8 survivors (8192K)
 Metaspace       used 96205K, capacity 98701K, committed 99116K, reserved 1134592K
  class space    used 12639K, capacity 13546K, committed 13696K, reserved 1048576K
}
Event: 21.453 GC heap after
{Heap after GC invocations=40 (full 0):
 garbage-first heap   total 446464K, used 313344K [0x0000000080000000, 0x0000000100000000)
  region size 1024K, 7 young (7168K), 7 survivors (7168K)
 Metaspace       used 96205K, capacity 98701K, committed 99116K, reserved 1134592K
  class space    used 12639K, capacity 13546K, committed 13696K, reserved 1048576K
}
Event: 21.832 GC heap before
{Heap before GC invocations=41 (full 0):
 garbage-first heap   total 446464K, used 352256K [0x0000000080000000, 0x0000000100000000)
  region size 1024K, 46 young (47104K), 7 survivors (7168K)
 Metaspace       used 96503K, capacity 99019K, committed 99116K, reserved 1134592K
  class space    used 12673K, capacity 13606K, committed 13696K, reserved 1048576K
}

